Arguments: 
  D:\Program Files\nodejs\node.exe C:\Users\69575\AppData\Roaming\npm\node_modules\yarn\bin\yarn.js

PATH: 
  D:\Program Files (x86)\NetSarang\Xshell 6\;C:\Windows\system32;C:\Windows;C:\Windows\System32\Wbem;C:\Windows\System32\WindowsPowerShell\v1.0\;C:\Windows\System32\OpenSSH\;D:\Program Files\nodejs\;D:\Program Files\TortoiseSVN\bin;D:\Java\jdk1.8.0\bin;D:\Program Files\Git\cmd;D:\Program Files\TortoiseGit\bin;D:\Program Files (x86)\Bitvise SSH Client;C:\Program Files\Microsoft VS Code\bin;C:\Users\69575\AppData\Local\Microsoft\WindowsApps;C:\Users\69575\AppData\Roaming\npm

Yarn version: 
  1.19.1

Node version: 
  12.9.1

Platform: 
  win32 x64

Trace: 
  Error: http://192.168.34.215:8081/repository/npm-group/element-ui/-/element-ui-2.12.0.tgz: Request failed "500 Internal Server Error"
      at ResponseError.ExtendableBuiltin (C:\Users\69575\AppData\Roaming\npm\node_modules\yarn\lib\cli.js:696:66)
      at new ResponseError (C:\Users\69575\AppData\Roaming\npm\node_modules\yarn\lib\cli.js:802:124)
      at Request.<anonymous> (C:\Users\69575\AppData\Roaming\npm\node_modules\yarn\lib\cli.js:66996:16)
      at Request.emit (events.js:209:13)
      at Request.module.exports.Request.onRequestResponse (C:\Users\69575\AppData\Roaming\npm\node_modules\yarn\lib\cli.js:141441:10)
      at ClientRequest.emit (events.js:214:15)
      at HTTPParser.parserOnIncomingClient [as onIncoming] (_http_client.js:583:27)
      at HTTPParser.parserOnHeadersComplete (_http_common.js:115:17)
      at HTTPParser.execute (<anonymous>)
      at Socket.socketOnData (_http_client.js:456:22)

npm manifest: 
  {
    "name": "beautyPicture",
    "version": "1.0.0",
    "description": "growUp",
    "main": "./dist/index.js",
    "scripts": {
      "test": "echo \"Error: no test specified\" && exit 1",
      "build": "webpack --config build/webpack.config.js",
      "dev": "webpack-dev-server --config build/webpackDev.config.js"
    },
    "author": "houjianhong",
    "license": "ISC",
    "dependencies": {
      "axios": "^0.19.0",
      "babel-helper-vue-jsx-merge-props": "^2.0.3",
      "babel-plugin-syntax-jsx": "^6.18.0",
      "babel-plugin-transform-vue-jsx": "^3.7.0",
      "element-ui": "^2.10.1",
      "es6-promise": "^4.2.8",
      "vue": "^2.6.10",
      "vue-router": "^3.0.7",
      "vuex": "^3.1.1"
    },
    "devDependencies": {
      "electron": "^6.1.4",
      "babel-cli": "^6.26.0",
      "babel-loader": "^8.0.6",
      "babel-plugin-component": "^1.1.1",
      "babel-plugin-transform-object-rest-spread": "^6.26.0",
      "babel-plugin-transform-runtime": "^6.23.0",
      "babel-polyfill": "^6.26.0",
      "babel-preset-es2015": "^6.24.1",
      "babel-preset-stage-2": "^6.24.1",
      "clean-webpack-plugin": "^3.0.0",
      "css-loader": "^3.0.0",
      "html-webpack-plugin": "^3.2.0",
      "less": "^3.9.0",
      "less-loader": "^5.0.0",
      "mini-css-extract-plugin": "^0.8.0",
      "mockjs": "^1.0.1-beta3",
      "node-sass": "^4.12.0",
      "sass-loader": "^7.1.0",
      "style-loader": "^0.23.1",
      "ts-loader": "^6.0.4",
      "typescript": "^3.5.3",
      "url-loader": "^2.0.1",
      "vue-hot-reload-api": "^2.3.3",
      "vue-html-loader": "^1.2.4",
      "vue-loader": "^15.7.0",
      "vue-style-loader": "^4.1.2",
      "vue-template-compiler": "^2.6.10",
      "webpack": "^4.35.3",
      "webpack-bundle-analyzer": "^3.3.2",
      "webpack-cli": "^3.3.5",
      "webpack-dev-server": "^3.7.2"
    }
  }

yarn manifest: 
  No manifest

Lockfile: 
  No lockfile
